<?xml version="1.0" encoding="UTF-8"?>
<!-- Generated by org.testng.reporters.JUnitXMLReporter -->
<testsuite hostname="leomahesh-PC" ignored="8" name="Default test" tests="1" failures="0" timestamp="15 Feb 2018 14:35:27 GMT" time="26.491" errors="0">
  <testcase name="Test4" time="17.448" classname="com.juniper.suite.TestFramWork"/>
  <testcase name="Test8" time="0.0" classname="com.juniper.suite.TestFramWork">
    <ignored/>
  </testcase> <!-- Test8 -->
  <testcase name="Test3" time="0.0" classname="com.juniper.suite.TestFramWork">
    <ignored/>
  </testcase> <!-- Test3 -->
  <testcase name="Test2" time="0.0" classname="com.juniper.suite.TestFramWork">
    <ignored/>
  </testcase> <!-- Test2 -->
  <testcase name="Test5" time="0.0" classname="com.juniper.suite.TestFramWork">
    <ignored/>
  </testcase> <!-- Test5 -->
  <testcase name="Test7" time="0.0" classname="com.juniper.suite.TestFramWork">
    <ignored/>
  </testcase> <!-- Test7 -->
  <testcase name="Test6" time="0.0" classname="com.juniper.suite.TestFramWork">
    <ignored/>
  </testcase> <!-- Test6 -->
  <testcase name="Test9" time="0.0" classname="com.juniper.suite.TestFramWork">
    <ignored/>
  </testcase> <!-- Test9 -->
  <testcase name="Test1" time="0.0" classname="com.juniper.suite.TestFramWork">
    <ignored/>
  </testcase> <!-- Test1 -->
</testsuite> <!-- Default test -->
