<?xml version="1.0" encoding="UTF-8"?>
<!-- Generated by org.testng.reporters.JUnitXMLReporter -->
<testsuite hostname="leomahesh-PC" ignored="0" name="Test" tests="9" failures="0" timestamp="07 Oct 2019 12:11:53 GMT" time="4.281" errors="0">
  <testcase name="@BeforeMethod beforeClass" time="0.0" classname="com.juniper.utility.ConfigBaseClass">
    <failure type="org.openqa.selenium.UnhandledAlertException" message="Modal dialog present: 
Build info: version: &amp;apos;3.141.5&amp;apos;, revision: &amp;apos;d54ebd709a&amp;apos;, time: &amp;apos;2018-11-06T11:42:16&amp;apos;
System info: host: &amp;apos;LEOMAHESH-PC&amp;apos;, ip: &amp;apos;10.10.4.189&amp;apos;, os.name: &amp;apos;Windows 7&amp;apos;, os.arch: &amp;apos;amd64&amp;apos;, os.version: &amp;apos;6.1&amp;apos;, java.version: &amp;apos;1.8.0_20&amp;apos;
Driver info: org.openqa.selenium.ie.InternetExplorerDriver
Capabilities {browserAttachTimeout: 0, browserName: internet explorer, cssSelectorsEnabled: true, elementScrollBehavior: 0, enableElementCacheCleanup: true, enablePersistentHover: true, handlesAlerts: true, ie.browserCommandLineSwitches: , ie.ensureCleanSession: false, ie.forceCreateProcessApi: false, ie.usePerProcessProxy: false, ignoreProtectedModeSettings: false, ignoreZoomSetting: false, initialBrowserUrl: http://localhost:40177/, javascriptEnabled: true, nativeEvents: true, pageLoadStrategy: normal, platform: WINDOWS, platformName: WINDOWS, requireWindowFocus: false, takesScreenshot: true, unexpectedAlertBehaviour: dismiss, unhandledPromptBehavior: dismiss, version: 11}
Session ID: de94030e-fc00-42d6-a625-6fa679b4843f">
      <![CDATA[org.openqa.selenium.UnhandledAlertException: Modal dialog present: 
Build info: version: '3.141.5', revision: 'd54ebd709a', time: '2018-11-06T11:42:16'
System info: host: 'LEOMAHESH-PC', ip: '10.10.4.189', os.name: 'Windows 7', os.arch: 'amd64', os.version: '6.1', java.version: '1.8.0_20'
Driver info: org.openqa.selenium.ie.InternetExplorerDriver
Capabilities {browserAttachTimeout: 0, browserName: internet explorer, cssSelectorsEnabled: true, elementScrollBehavior: 0, enableElementCacheCleanup: true, enablePersistentHover: true, handlesAlerts: true, ie.browserCommandLineSwitches: , ie.ensureCleanSession: false, ie.forceCreateProcessApi: false, ie.usePerProcessProxy: false, ignoreProtectedModeSettings: false, ignoreZoomSetting: false, initialBrowserUrl: http://localhost:40177/, javascriptEnabled: true, nativeEvents: true, pageLoadStrategy: normal, platform: WINDOWS, platformName: WINDOWS, requireWindowFocus: false, takesScreenshot: true, unexpectedAlertBehaviour: dismiss, unhandledPromptBehavior: dismiss, version: 11}
Session ID: de94030e-fc00-42d6-a625-6fa679b4843f
	at org.openqa.selenium.remote.ErrorHandler.createThrowable(ErrorHandler.java:214)
	at org.openqa.selenium.remote.ErrorHandler.createUnhandledAlertException(ErrorHandler.java:195)
	at org.openqa.selenium.remote.ErrorHandler.throwIfResponseFailed(ErrorHandler.java:156)
	at org.openqa.selenium.remote.http.JsonHttpResponseCodec.reconstructValue(JsonHttpResponseCodec.java:40)
	at org.openqa.selenium.remote.http.AbstractHttpResponseCodec.decode(AbstractHttpResponseCodec.java:80)
	at org.openqa.selenium.remote.http.AbstractHttpResponseCodec.decode(AbstractHttpResponseCodec.java:44)
	at org.openqa.selenium.remote.HttpCommandExecutor.execute(HttpCommandExecutor.java:158)
	at org.openqa.selenium.remote.service.DriverCommandExecutor.execute(DriverCommandExecutor.java:83)
	at org.openqa.selenium.remote.RemoteWebDriver.execute(RemoteWebDriver.java:552)
	at org.openqa.selenium.remote.RemoteWebDriver$RemoteWebDriverOptions$RemoteTimeouts.implicitlyWait(RemoteWebDriver.java:780)
	at com.juniper.utility.ConfigBaseClass.initialize(ConfigBaseClass.java:71)
	at com.juniper.utility.ConfigBaseClass.beforeClass(ConfigBaseClass.java:30)
... Removed 31 stack frames]]>
    </failure>
  </testcase> <!-- @BeforeMethod beforeClass -->
  <testcase name="@AfterMethod afterClass" time="0.0" classname="com.juniper.utility.ConfigBaseClass">
    <skipped/>
  </testcase> <!-- @AfterMethod afterClass -->
  <testcase name="@BeforeMethod beforeClass" time="0.0" classname="com.juniper.utility.ConfigBaseClass">
    <skipped/>
  </testcase> <!-- @BeforeMethod beforeClass -->
  <testcase name="@AfterMethod afterClass" time="0.0" classname="com.juniper.utility.ConfigBaseClass">
    <skipped/>
  </testcase> <!-- @AfterMethod afterClass -->
  <testcase name="@BeforeMethod beforeClass" time="0.0" classname="com.juniper.utility.ConfigBaseClass">
    <skipped/>
  </testcase> <!-- @BeforeMethod beforeClass -->
  <testcase name="@AfterMethod afterClass" time="0.0" classname="com.juniper.utility.ConfigBaseClass">
    <skipped/>
  </testcase> <!-- @AfterMethod afterClass -->
  <testcase name="@BeforeMethod beforeClass" time="0.0" classname="com.juniper.utility.ConfigBaseClass">
    <skipped/>
  </testcase> <!-- @BeforeMethod beforeClass -->
  <testcase name="@AfterMethod afterClass" time="0.0" classname="com.juniper.utility.ConfigBaseClass">
    <skipped/>
  </testcase> <!-- @AfterMethod afterClass -->
  <testcase name="@BeforeMethod beforeClass" time="0.0" classname="com.juniper.utility.ConfigBaseClass">
    <skipped/>
  </testcase> <!-- @BeforeMethod beforeClass -->
  <testcase name="@AfterMethod afterClass" time="0.0" classname="com.juniper.utility.ConfigBaseClass">
    <skipped/>
  </testcase> <!-- @AfterMethod afterClass -->
  <testcase name="@BeforeMethod beforeClass" time="0.0" classname="com.juniper.utility.ConfigBaseClass">
    <skipped/>
  </testcase> <!-- @BeforeMethod beforeClass -->
  <testcase name="@AfterMethod afterClass" time="0.0" classname="com.juniper.utility.ConfigBaseClass">
    <skipped/>
  </testcase> <!-- @AfterMethod afterClass -->
  <testcase name="@BeforeMethod beforeClass" time="0.0" classname="com.juniper.utility.ConfigBaseClass">
    <skipped/>
  </testcase> <!-- @BeforeMethod beforeClass -->
  <testcase name="@AfterMethod afterClass" time="0.0" classname="com.juniper.utility.ConfigBaseClass">
    <skipped/>
  </testcase> <!-- @AfterMethod afterClass -->
  <testcase name="@BeforeMethod beforeClass" time="0.0" classname="com.juniper.utility.ConfigBaseClass">
    <skipped/>
  </testcase> <!-- @BeforeMethod beforeClass -->
  <testcase name="@AfterMethod afterClass" time="0.0" classname="com.juniper.utility.ConfigBaseClass">
    <skipped/>
  </testcase> <!-- @AfterMethod afterClass -->
  <testcase name="@BeforeMethod beforeClass" time="0.0" classname="com.juniper.utility.ConfigBaseClass">
    <skipped/>
  </testcase> <!-- @BeforeMethod beforeClass -->
  <testcase name="@AfterMethod afterClass" time="0.0" classname="com.juniper.utility.ConfigBaseClass">
    <skipped/>
  </testcase> <!-- @AfterMethod afterClass -->
  <testcase name="Test1" time="0.003" classname="com.juniper.suite.TestFramWork">
    <skipped/>
  </testcase> <!-- Test1 -->
  <testcase name="Test2" time="0.001" classname="com.juniper.suite.TestFramWork">
    <skipped/>
  </testcase> <!-- Test2 -->
  <testcase name="Test3" time="0.001" classname="com.juniper.suite.TestFramWork">
    <skipped/>
  </testcase> <!-- Test3 -->
  <testcase name="Test4" time="0.001" classname="com.juniper.suite.TestFramWork">
    <skipped/>
  </testcase> <!-- Test4 -->
  <testcase name="Test5" time="0.001" classname="com.juniper.suite.TestFramWork">
    <skipped/>
  </testcase> <!-- Test5 -->
  <testcase name="Test6" time="0.001" classname="com.juniper.suite.TestFramWork">
    <skipped/>
  </testcase> <!-- Test6 -->
  <testcase name="Test7" time="0.004" classname="com.juniper.suite.TestFramWork">
    <skipped/>
  </testcase> <!-- Test7 -->
  <testcase name="Test8" time="0.001" classname="com.juniper.suite.TestFramWork">
    <skipped/>
  </testcase> <!-- Test8 -->
  <testcase name="Test9" time="0.001" classname="com.juniper.suite.TestFramWork">
    <skipped/>
  </testcase> <!-- Test9 -->
</testsuite> <!-- Test -->
