<?xml version="1.0" encoding="UTF-8"?>
<!-- Generated by org.testng.reporters.JUnitXMLReporter -->
<testsuite hostname="leomahesh-PC" name="Test" tests="9" failures="0" timestamp="27 Feb 2018 08:45:50 GMT" time="5.897" errors="0">
  <testcase name="@BeforeMethod beforeClass" time="0.0" classname="com.juniper.suite.TestFramWork">
    <failure type="org.openqa.selenium.WebDriverException" message="Failed to navigate to http://ms-qa-c/juniper-sh-qa-c-20/. This usually means that a call to the COM method IWebBrowser2::Navigate2() failed. (WARNING: The server did not provide any stacktrace information)
Command duration or timeout: 15 milliseconds
Build info: version: &amp;apos;2.53.0&amp;apos;, revision: &amp;apos;35ae25b1534ae328c771e0856c93e187490ca824&amp;apos;, time: &amp;apos;2016-03-15 10:43:46&amp;apos;
System info: host: &amp;apos;leomahesh-PC&amp;apos;, ip: &amp;apos;10.10.11.81&amp;apos;, os.name: &amp;apos;Windows 7&amp;apos;, os.arch: &amp;apos;amd64&amp;apos;, os.version: &amp;apos;6.1&amp;apos;, java.version: &amp;apos;1.8.0_20&amp;apos;
Driver info: org.openqa.selenium.ie.InternetExplorerDriver
Capabilities [{browserAttachTimeout=0, enablePersistentHover=true, ie.forceCreateProcessApi=false, pageLoadStrategy=normal, ie.usePerProcessProxy=false, ignoreZoomSetting=false, handlesAlerts=true, version=11, platform=WINDOWS, nativeEvents=true, ie.ensureCleanSession=false, elementScrollBehavior=0, ie.browserCommandLineSwitches=, requireWindowFocus=false, browserName=internet explorer, initialBrowserUrl=http://localhost:27862/, takesScreenshot=true, javascriptEnabled=true, ignoreProtectedModeSettings=false, enableElementCacheCleanup=true, cssSelectorsEnabled=true, unexpectedAlertBehaviour=dismiss}]
Session ID: 0e1a6019-d6e2-4813-9353-59091fa23699">
      <![CDATA[org.openqa.selenium.WebDriverException: Failed to navigate to http://ms-qa-c/juniper-sh-qa-c-20/. This usually means that a call to the COM method IWebBrowser2::Navigate2() failed. (WARNING: The server did not provide any stacktrace information)
Command duration or timeout: 15 milliseconds
Build info: version: '2.53.0', revision: '35ae25b1534ae328c771e0856c93e187490ca824', time: '2016-03-15 10:43:46'
System info: host: 'leomahesh-PC', ip: '10.10.11.81', os.name: 'Windows 7', os.arch: 'amd64', os.version: '6.1', java.version: '1.8.0_20'
Driver info: org.openqa.selenium.ie.InternetExplorerDriver
Capabilities [{browserAttachTimeout=0, enablePersistentHover=true, ie.forceCreateProcessApi=false, pageLoadStrategy=normal, ie.usePerProcessProxy=false, ignoreZoomSetting=false, handlesAlerts=true, version=11, platform=WINDOWS, nativeEvents=true, ie.ensureCleanSession=false, elementScrollBehavior=0, ie.browserCommandLineSwitches=, requireWindowFocus=false, browserName=internet explorer, initialBrowserUrl=http://localhost:27862/, takesScreenshot=true, javascriptEnabled=true, ignoreProtectedModeSettings=false, enableElementCacheCleanup=true, cssSelectorsEnabled=true, unexpectedAlertBehaviour=dismiss}]
Session ID: 0e1a6019-d6e2-4813-9353-59091fa23699
	at org.openqa.selenium.remote.ErrorHandler.createThrowable(ErrorHandler.java:206)
	at org.openqa.selenium.remote.ErrorHandler.throwIfResponseFailed(ErrorHandler.java:158)
	at org.openqa.selenium.remote.RemoteWebDriver.execute(RemoteWebDriver.java:678)
	at org.openqa.selenium.remote.RemoteWebDriver.get(RemoteWebDriver.java:316)
	at com.juniper.utility.ConfigBaseClass.initialize(ConfigBaseClass.java:65)
	at com.juniper.utility.ConfigBaseClass.beforeClass(ConfigBaseClass.java:29)
... Removed 33 stack frames]]>
    </failure>
  </testcase> <!-- @BeforeMethod beforeClass -->
  <testcase name="@AfterMethod afterClass" time="0.0" classname="com.juniper.suite.TestFramWork">
    <skipped/>
  </testcase> <!-- @AfterMethod afterClass -->
  <testcase name="@BeforeMethod beforeClass" time="0.0" classname="com.juniper.suite.TestFramWork">
    <skipped/>
  </testcase> <!-- @BeforeMethod beforeClass -->
  <testcase name="@AfterMethod afterClass" time="0.0" classname="com.juniper.suite.TestFramWork">
    <skipped/>
  </testcase> <!-- @AfterMethod afterClass -->
  <testcase name="@BeforeMethod beforeClass" time="0.0" classname="com.juniper.suite.TestFramWork">
    <skipped/>
  </testcase> <!-- @BeforeMethod beforeClass -->
  <testcase name="@AfterMethod afterClass" time="0.0" classname="com.juniper.suite.TestFramWork">
    <skipped/>
  </testcase> <!-- @AfterMethod afterClass -->
  <testcase name="@BeforeMethod beforeClass" time="0.0" classname="com.juniper.suite.TestFramWork">
    <skipped/>
  </testcase> <!-- @BeforeMethod beforeClass -->
  <testcase name="@AfterMethod afterClass" time="0.0" classname="com.juniper.suite.TestFramWork">
    <skipped/>
  </testcase> <!-- @AfterMethod afterClass -->
  <testcase name="@BeforeMethod beforeClass" time="0.0" classname="com.juniper.suite.TestFramWork">
    <skipped/>
  </testcase> <!-- @BeforeMethod beforeClass -->
  <testcase name="@AfterMethod afterClass" time="0.0" classname="com.juniper.suite.TestFramWork">
    <skipped/>
  </testcase> <!-- @AfterMethod afterClass -->
  <testcase name="@BeforeMethod beforeClass" time="0.0" classname="com.juniper.suite.TestFramWork">
    <skipped/>
  </testcase> <!-- @BeforeMethod beforeClass -->
  <testcase name="@AfterMethod afterClass" time="0.0" classname="com.juniper.suite.TestFramWork">
    <skipped/>
  </testcase> <!-- @AfterMethod afterClass -->
  <testcase name="@BeforeMethod beforeClass" time="0.0" classname="com.juniper.suite.TestFramWork">
    <skipped/>
  </testcase> <!-- @BeforeMethod beforeClass -->
  <testcase name="@AfterMethod afterClass" time="0.0" classname="com.juniper.suite.TestFramWork">
    <skipped/>
  </testcase> <!-- @AfterMethod afterClass -->
  <testcase name="@BeforeMethod beforeClass" time="0.0" classname="com.juniper.suite.TestFramWork">
    <skipped/>
  </testcase> <!-- @BeforeMethod beforeClass -->
  <testcase name="@AfterMethod afterClass" time="0.0" classname="com.juniper.suite.TestFramWork">
    <skipped/>
  </testcase> <!-- @AfterMethod afterClass -->
  <testcase name="@BeforeMethod beforeClass" time="0.0" classname="com.juniper.suite.TestFramWork">
    <skipped/>
  </testcase> <!-- @BeforeMethod beforeClass -->
  <testcase name="@AfterMethod afterClass" time="0.0" classname="com.juniper.suite.TestFramWork">
    <skipped/>
  </testcase> <!-- @AfterMethod afterClass -->
  <testcase name="Test1" time="0.001" classname="com.juniper.suite.TestFramWork">
    <skipped/>
  </testcase> <!-- Test1 -->
  <testcase name="Test2" time="0.0" classname="com.juniper.suite.TestFramWork">
    <skipped/>
  </testcase> <!-- Test2 -->
  <testcase name="Test3" time="0.0" classname="com.juniper.suite.TestFramWork">
    <skipped/>
  </testcase> <!-- Test3 -->
  <testcase name="Test4" time="0.0" classname="com.juniper.suite.TestFramWork">
    <skipped/>
  </testcase> <!-- Test4 -->
  <testcase name="Test5" time="0.001" classname="com.juniper.suite.TestFramWork">
    <skipped/>
  </testcase> <!-- Test5 -->
  <testcase name="Test6" time="0.0" classname="com.juniper.suite.TestFramWork">
    <skipped/>
  </testcase> <!-- Test6 -->
  <testcase name="Test7" time="0.0" classname="com.juniper.suite.TestFramWork">
    <skipped/>
  </testcase> <!-- Test7 -->
  <testcase name="Test8" time="0.0" classname="com.juniper.suite.TestFramWork">
    <skipped/>
  </testcase> <!-- Test8 -->
  <testcase name="Test9" time="0.0" classname="com.juniper.suite.TestFramWork">
    <skipped/>
  </testcase> <!-- Test9 -->
</testsuite> <!-- Test -->
