<?xml version="1.0" encoding="UTF-8"?>
<testsuite xmlns:xsi="http://www.w3.org/2001/XMLSchema-instance" xsi:schemaLocation="https://maven.apache.org/surefire/maven-surefire-plugin/xsd/surefire-test-report.xsd" name="TestSuite" time="114.032" tests="9" errors="0" skipped="0" failures="7">
  <properties>
[...]
</properties>
  <testcase name="Test1" classname="com.juniper.suite.TestFramWork" time="0.123"/>
  <testcase name="Test2" classname="com.juniper.suite.TestFramWork" time="3.238">
    <failure message="Unable to find element with xpath == //img[@src=&apos;/juniper-sh-qa-c-20/Content/Encor-electronics-logo.png&apos;] (WARNING: The server did not provide any stacktrace information)&#10;Command duration or timeout: 0 milliseconds&#10;For documentation on this error, please visit: http://seleniumhq.org/exceptions/no_such_element.html&#10;Build info: version: &apos;3.141.5&apos;, revision: &apos;d54ebd709a&apos;, time: &apos;2018-11-06T11:42:16&apos;&#10;System info: host: &apos;LEOMAHESH-PC&apos;, ip: &apos;10.10.4.48&apos;, os.name: &apos;Windows 7&apos;, os.arch: &apos;amd64&apos;, os.version: &apos;6.1&apos;, java.version: &apos;1.8.0_20&apos;&#10;Driver info: org.openqa.selenium.ie.InternetExplorerDriver&#10;Capabilities {browserAttachTimeout: 0, browserName: internet explorer, cssSelectorsEnabled: true, elementScrollBehavior: 0, enableElementCacheCleanup: true, enablePersistentHover: true, handlesAlerts: true, ie.browserCommandLineSwitches: , ie.ensureCleanSession: false, ie.forceCreateProcessApi: false, ie.usePerProcessProxy: false, ignoreProtectedModeSettings: false, ignoreZoomSetting: false, initialBrowserUrl: http://localhost:31281/, javascriptEnabled: true, nativeEvents: true, pageLoadStrategy: normal, platform: WINDOWS, platformName: WINDOWS, requireWindowFocus: false, takesScreenshot: true, unexpectedAlertBehaviour: dismiss, unhandledPromptBehavior: dismiss, version: 11}&#10;Session ID: e3c91257-fce9-4ede-a92f-bb0bec888522&#10;*** Element info: {Using=xpath, value=//img[@src=&apos;/juniper-sh-qa-c-20/Content/Encor-electronics-logo.png&apos;]}" type="org.openqa.selenium.NoSuchElementException">org.openqa.selenium.NoSuchElementException: 
Unable to find element with xpath == //img[@src='/juniper-sh-qa-c-20/Content/Encor-electronics-logo.png'] (WARNING: The server did not provide any stacktrace information)
Command duration or timeout: 0 milliseconds
For documentation on this error, please visit: http://seleniumhq.org/exceptions/no_such_element.html
Build info: version: '3.141.5', revision: 'd54ebd709a', time: '2018-11-06T11:42:16'
System info: host: 'LEOMAHESH-PC', ip: '10.10.4.48', os.name: 'Windows 7', os.arch: 'amd64', os.version: '6.1', java.version: '1.8.0_20'
Driver info: org.openqa.selenium.ie.InternetExplorerDriver
Capabilities {browserAttachTimeout: 0, browserName: internet explorer, cssSelectorsEnabled: true, elementScrollBehavior: 0, enableElementCacheCleanup: true, enablePersistentHover: true, handlesAlerts: true, ie.browserCommandLineSwitches: , ie.ensureCleanSession: false, ie.forceCreateProcessApi: false, ie.usePerProcessProxy: false, ignoreProtectedModeSettings: false, ignoreZoomSetting: false, initialBrowserUrl: http://localhost:31281/, javascriptEnabled: true, nativeEvents: true, pageLoadStrategy: normal, platform: WINDOWS, platformName: WINDOWS, requireWindowFocus: false, takesScreenshot: true, unexpectedAlertBehaviour: dismiss, unhandledPromptBehavior: dismiss, version: 11}
Session ID: e3c91257-fce9-4ede-a92f-bb0bec888522
*** Element info: {Using=xpath, value=//img[@src='/juniper-sh-qa-c-20/Content/Encor-electronics-logo.png']}
	at com.juniper.suite.TestFramWork.Test2(TestFramWork.java:55)
</failure>
    <system-err><![CDATA[Started InternetExplorerDriver server (32-bit)
2.52.0.0
Listening on port 31281
Only local connections are allowed
Sep 17, 2019 5:20:37 PM org.openqa.selenium.remote.ProtocolHandshake createSession
INFO: Detected dialect: OSS
]]></system-err>
  </testcase>
  <testcase name="Test3" classname="com.juniper.suite.TestFramWork" time="2.276"/>
  <testcase name="Test4" classname="com.juniper.suite.TestFramWork" time="5.913">
    <failure message="NotMatch expected [Rate Measures For Q1 2018 (EH)] but found [Rate Measures For 2019 Calendar Year (EH)]" type="java.lang.AssertionError">java.lang.AssertionError: NotMatch expected [Rate Measures For Q1 2018 (EH)] but found [Rate Measures For 2019 Calendar Year (EH)]
	at com.juniper.suite.TestFramWork.Test4(TestFramWork.java:85)
</failure>
    <system-out><![CDATA[eCQM EH
eCQM EH Tab Header name Print Sucessfully: 	eCQM EH
]]></system-out>
    <system-err><![CDATA[Started InternetExplorerDriver server (32-bit)
2.52.0.0
Listening on port 21597
Only local connections are allowed
Sep 17, 2019 5:20:54 PM org.openqa.selenium.remote.ProtocolHandshake createSession
INFO: Detected dialect: OSS
]]></system-err>
  </testcase>
  <testcase name="Test5" classname="com.juniper.suite.TestFramWork" time="1.187">
    <failure message="NotMatch expected [EH Objective Measures For Period Q1 2018] but found [EH PI Measures For Period 2019 Calendar Year]" type="java.lang.AssertionError">java.lang.AssertionError: NotMatch expected [EH Objective Measures For Period Q1 2018] but found [EH PI Measures For Period 2019 Calendar Year]
	at com.juniper.suite.TestFramWork.Test5(TestFramWork.java:167)
</failure>
    <system-out><![CDATA[Objective EH
Functional EH Tab Header name Print Sucessfully: 	Objective EH
EH PI Measures For Period 2019 Calendar Year
]]></system-out>
    <system-err><![CDATA[Started InternetExplorerDriver server (32-bit)
2.52.0.0
Listening on port 30907
Only local connections are allowed
Sep 17, 2019 5:21:07 PM org.openqa.selenium.remote.ProtocolHandshake createSession
INFO: Detected dialect: OSS
]]></system-err>
  </testcase>
  <testcase name="Test6" classname="com.juniper.suite.TestFramWork" time="10.72">
    <failure message="Unable to find element with xpath == //ul[@id=&apos;epECQMTab&apos;]/li[1]/a (WARNING: The server did not provide any stacktrace information)&#10;Command duration or timeout: 0 milliseconds&#10;For documentation on this error, please visit: http://seleniumhq.org/exceptions/no_such_element.html&#10;Build info: version: &apos;3.141.5&apos;, revision: &apos;d54ebd709a&apos;, time: &apos;2018-11-06T11:42:16&apos;&#10;System info: host: &apos;LEOMAHESH-PC&apos;, ip: &apos;10.10.4.48&apos;, os.name: &apos;Windows 7&apos;, os.arch: &apos;amd64&apos;, os.version: &apos;6.1&apos;, java.version: &apos;1.8.0_20&apos;&#10;Driver info: org.openqa.selenium.ie.InternetExplorerDriver&#10;Capabilities {browserAttachTimeout: 0, browserName: internet explorer, cssSelectorsEnabled: true, elementScrollBehavior: 0, enableElementCacheCleanup: true, enablePersistentHover: true, handlesAlerts: true, ie.browserCommandLineSwitches: , ie.ensureCleanSession: false, ie.forceCreateProcessApi: false, ie.usePerProcessProxy: false, ignoreProtectedModeSettings: false, ignoreZoomSetting: false, initialBrowserUrl: http://localhost:43692/, javascriptEnabled: true, nativeEvents: true, pageLoadStrategy: normal, platform: WINDOWS, platformName: WINDOWS, requireWindowFocus: false, takesScreenshot: true, unexpectedAlertBehaviour: dismiss, unhandledPromptBehavior: dismiss, version: 11}&#10;Session ID: 52937264-7d3f-418e-b59d-31fc2959eb33&#10;*** Element info: {Using=xpath, value=//ul[@id=&apos;epECQMTab&apos;]/li[1]/a}" type="org.openqa.selenium.NoSuchElementException">org.openqa.selenium.NoSuchElementException: 
Unable to find element with xpath == //ul[@id='epECQMTab']/li[1]/a (WARNING: The server did not provide any stacktrace information)
Command duration or timeout: 0 milliseconds
For documentation on this error, please visit: http://seleniumhq.org/exceptions/no_such_element.html
Build info: version: '3.141.5', revision: 'd54ebd709a', time: '2018-11-06T11:42:16'
System info: host: 'LEOMAHESH-PC', ip: '10.10.4.48', os.name: 'Windows 7', os.arch: 'amd64', os.version: '6.1', java.version: '1.8.0_20'
Driver info: org.openqa.selenium.ie.InternetExplorerDriver
Capabilities {browserAttachTimeout: 0, browserName: internet explorer, cssSelectorsEnabled: true, elementScrollBehavior: 0, enableElementCacheCleanup: true, enablePersistentHover: true, handlesAlerts: true, ie.browserCommandLineSwitches: , ie.ensureCleanSession: false, ie.forceCreateProcessApi: false, ie.usePerProcessProxy: false, ignoreProtectedModeSettings: false, ignoreZoomSetting: false, initialBrowserUrl: http://localhost:43692/, javascriptEnabled: true, nativeEvents: true, pageLoadStrategy: normal, platform: WINDOWS, platformName: WINDOWS, requireWindowFocus: false, takesScreenshot: true, unexpectedAlertBehaviour: dismiss, unhandledPromptBehavior: dismiss, version: 11}
Session ID: 52937264-7d3f-418e-b59d-31fc2959eb33
*** Element info: {Using=xpath, value=//ul[@id='epECQMTab']/li[1]/a}
	at com.juniper.suite.TestFramWork.Test6(TestFramWork.java:184)
</failure>
    <system-out><![CDATA[eCQM EC
MIPS Score Page works Sucessfully: 	eCQM EC
]]></system-out>
    <system-err><![CDATA[Started InternetExplorerDriver server (32-bit)
2.52.0.0
Listening on port 43692
Only local connections are allowed
Sep 17, 2019 5:21:14 PM org.openqa.selenium.remote.ProtocolHandshake createSession
INFO: Detected dialect: OSS
]]></system-err>
  </testcase>
  <testcase name="Test7" classname="com.juniper.suite.TestFramWork" time="3.629">
    <failure message="NotMatch expected [Improvement Activities Implementation for 01/01/2017 to 12/31/2017] but found []" type="java.lang.AssertionError">java.lang.AssertionError: NotMatch expected [Improvement Activities Implementation for 01/01/2017 to 12/31/2017] but found []
	at com.juniper.suite.TestFramWork.Test7(TestFramWork.java:218)
</failure>
    <system-out><![CDATA[CPC+
IA Measure Tab Select Sucessfully: 	CPC+

]]></system-out>
    <system-err><![CDATA[Started InternetExplorerDriver server (32-bit)
2.52.0.0
Listening on port 18396
Only local connections are allowed
Sep 17, 2019 5:21:30 PM org.openqa.selenium.remote.ProtocolHandshake createSession
INFO: Detected dialect: OSS
]]></system-err>
  </testcase>
  <testcase name="Test8" classname="com.juniper.suite.TestFramWork" time="1.193">
    <failure message="NotMatch expected [ACI Transition Measures For Period Q1 2018] but found []" type="java.lang.AssertionError">java.lang.AssertionError: NotMatch expected [ACI Transition Measures For Period Q1 2018] but found []
	at com.juniper.suite.TestFramWork.Test8(TestFramWork.java:245)
</failure>
    <system-out><![CDATA[IA Measures
ACI EC Measure Tab Select Sucessfully: 	IA Measures
]]></system-out>
    <system-err><![CDATA[Started InternetExplorerDriver server (32-bit)
2.52.0.0
Listening on port 11563
Only local connections are allowed
Sep 17, 2019 5:21:40 PM org.openqa.selenium.remote.ProtocolHandshake createSession
INFO: Detected dialect: OSS
]]></system-err>
  </testcase>
  <testcase name="Test9" classname="com.juniper.suite.TestFramWork" time="0.77">
    <failure message="NotMatch expected [Submission Schedule] but found [PI EC]" type="java.lang.AssertionError">java.lang.AssertionError: NotMatch expected [Submission Schedule] but found [PI EC]
	at com.juniper.suite.TestFramWork.Test9(TestFramWork.java:264)
</failure>
    <system-err><![CDATA[Started InternetExplorerDriver server (32-bit)
2.52.0.0
Listening on port 39367
Only local connections are allowed
Sep 17, 2019 5:21:52 PM org.openqa.selenium.remote.ProtocolHandshake createSession
INFO: Detected dialect: OSS
]]></system-err>
  </testcase>
</testsuite>