<?xml version="1.0" encoding="UTF-8"?>
<testsuite xmlns:xsi="http://www.w3.org/2001/XMLSchema-instance" xsi:schemaLocation="https://maven.apache.org/surefire/maven-surefire-plugin/xsd/surefire-test-report.xsd" name="TestSuite" time="6.636" tests="27" errors="0" skipped="26" failures="1">
  <properties>
[...]
</properties>
  <testcase name="beforeClass" classname="com.juniper.suite.TestFramWork" time="6.474">
    <failure message="Failed to navigate to http://ms-qa-c/juniper-sh-qa-c-20/. This usually means that a call to the COM method IWebBrowser2::Navigate2() failed. (WARNING: The server did not provide any stacktrace information)&#10;Command duration or timeout: 15 milliseconds&#10;Build info: version: &apos;2.53.0&apos;, revision: &apos;35ae25b1534ae328c771e0856c93e187490ca824&apos;, time: &apos;2016-03-15 10:43:46&apos;&#10;System info: host: &apos;leomahesh-PC&apos;, ip: &apos;10.10.11.81&apos;, os.name: &apos;Windows 7&apos;, os.arch: &apos;amd64&apos;, os.version: &apos;6.1&apos;, java.version: &apos;1.8.0_20&apos;&#10;Driver info: org.openqa.selenium.ie.InternetExplorerDriver&#10;Capabilities [{browserAttachTimeout=0, enablePersistentHover=true, ie.forceCreateProcessApi=false, pageLoadStrategy=normal, ie.usePerProcessProxy=false, ignoreZoomSetting=false, handlesAlerts=true, version=11, platform=WINDOWS, nativeEvents=true, ie.ensureCleanSession=false, elementScrollBehavior=0, ie.browserCommandLineSwitches=, requireWindowFocus=false, browserName=internet explorer, initialBrowserUrl=http://localhost:27862/, takesScreenshot=true, javascriptEnabled=true, ignoreProtectedModeSettings=false, enableElementCacheCleanup=true, cssSelectorsEnabled=true, unexpectedAlertBehaviour=dismiss}]&#10;Session ID: 0e1a6019-d6e2-4813-9353-59091fa23699" type="org.openqa.selenium.WebDriverException">org.openqa.selenium.WebDriverException: 
Failed to navigate to http://ms-qa-c/juniper-sh-qa-c-20/. This usually means that a call to the COM method IWebBrowser2::Navigate2() failed. (WARNING: The server did not provide any stacktrace information)
Command duration or timeout: 15 milliseconds
Build info: version: '2.53.0', revision: '35ae25b1534ae328c771e0856c93e187490ca824', time: '2016-03-15 10:43:46'
System info: host: 'leomahesh-PC', ip: '10.10.11.81', os.name: 'Windows 7', os.arch: 'amd64', os.version: '6.1', java.version: '1.8.0_20'
Driver info: org.openqa.selenium.ie.InternetExplorerDriver
Capabilities [{browserAttachTimeout=0, enablePersistentHover=true, ie.forceCreateProcessApi=false, pageLoadStrategy=normal, ie.usePerProcessProxy=false, ignoreZoomSetting=false, handlesAlerts=true, version=11, platform=WINDOWS, nativeEvents=true, ie.ensureCleanSession=false, elementScrollBehavior=0, ie.browserCommandLineSwitches=, requireWindowFocus=false, browserName=internet explorer, initialBrowserUrl=http://localhost:27862/, takesScreenshot=true, javascriptEnabled=true, ignoreProtectedModeSettings=false, enableElementCacheCleanup=true, cssSelectorsEnabled=true, unexpectedAlertBehaviour=dismiss}]
Session ID: 0e1a6019-d6e2-4813-9353-59091fa23699
</failure>
    <system-err><![CDATA[Started InternetExplorerDriver server (32-bit)
2.52.0.0
Listening on port 27862
Only local connections are allowed
log4j:WARN No appenders could be found for logger (org.apache.http.client.protocol.RequestAddCookies).
log4j:WARN Please initialize the log4j system properly.
]]></system-err>
  </testcase>
  <testcase name="beforeClass" classname="com.juniper.suite.TestFramWork" time="0">
    <skipped/>
  </testcase>
  <testcase name="beforeClass" classname="com.juniper.suite.TestFramWork" time="0">
    <skipped/>
  </testcase>
  <testcase name="beforeClass" classname="com.juniper.suite.TestFramWork" time="0">
    <skipped/>
  </testcase>
  <testcase name="beforeClass" classname="com.juniper.suite.TestFramWork" time="0">
    <skipped/>
  </testcase>
  <testcase name="beforeClass" classname="com.juniper.suite.TestFramWork" time="0">
    <skipped/>
  </testcase>
  <testcase name="beforeClass" classname="com.juniper.suite.TestFramWork" time="0">
    <skipped/>
  </testcase>
  <testcase name="beforeClass" classname="com.juniper.suite.TestFramWork" time="0">
    <skipped/>
  </testcase>
  <testcase name="beforeClass" classname="com.juniper.suite.TestFramWork" time="0">
    <skipped/>
  </testcase>
  <testcase name="Test1" classname="com.juniper.suite.TestFramWork" time="0">
    <skipped/>
  </testcase>
  <testcase name="afterClass" classname="com.juniper.suite.TestFramWork" time="0">
    <skipped/>
  </testcase>
  <testcase name="afterClass" classname="com.juniper.suite.TestFramWork" time="0">
    <skipped/>
  </testcase>
  <testcase name="afterClass" classname="com.juniper.suite.TestFramWork" time="0">
    <skipped/>
  </testcase>
  <testcase name="afterClass" classname="com.juniper.suite.TestFramWork" time="0">
    <skipped/>
  </testcase>
  <testcase name="afterClass" classname="com.juniper.suite.TestFramWork" time="0">
    <skipped/>
  </testcase>
  <testcase name="afterClass" classname="com.juniper.suite.TestFramWork" time="0">
    <skipped/>
  </testcase>
  <testcase name="afterClass" classname="com.juniper.suite.TestFramWork" time="0">
    <skipped/>
  </testcase>
  <testcase name="afterClass" classname="com.juniper.suite.TestFramWork" time="0">
    <skipped/>
  </testcase>
  <testcase name="afterClass" classname="com.juniper.suite.TestFramWork" time="0">
    <skipped/>
  </testcase>
  <testcase name="Test2" classname="com.juniper.suite.TestFramWork" time="0">
    <skipped/>
  </testcase>
  <testcase name="Test3" classname="com.juniper.suite.TestFramWork" time="0">
    <skipped/>
  </testcase>
  <testcase name="Test4" classname="com.juniper.suite.TestFramWork" time="0">
    <skipped/>
  </testcase>
  <testcase name="Test5" classname="com.juniper.suite.TestFramWork" time="0">
    <skipped/>
  </testcase>
  <testcase name="Test6" classname="com.juniper.suite.TestFramWork" time="0">
    <skipped/>
  </testcase>
  <testcase name="Test7" classname="com.juniper.suite.TestFramWork" time="0">
    <skipped/>
  </testcase>
  <testcase name="Test8" classname="com.juniper.suite.TestFramWork" time="0">
    <skipped/>
  </testcase>
  <testcase name="Test9" classname="com.juniper.suite.TestFramWork" time="0">
    <skipped/>
  </testcase>
</testsuite>