<?xml version="1.0" encoding="UTF-8"?>
<testng-results skipped="9" failed="0" total="9" passed="0">
  <reporter-output>
  </reporter-output>
  <suite name="Suite" duration-ms="5897" started-at="2018-02-27T08:45:44Z" finished-at="2018-02-27T08:45:50Z">
    <groups>
    </groups>
    <test name="Test" duration-ms="5897" started-at="2018-02-27T08:45:44Z" finished-at="2018-02-27T08:45:50Z">
      <class name="com.juniper.suite.TestFramWork">
        <test-method status="FAIL" signature="beforeClass()[pri:0, instance:com.juniper.suite.TestFramWork@7f690630]" name="beforeClass" is-config="true" duration-ms="0" started-at="2018-02-27T14:15:45Z" finished-at="2018-02-27T14:15:45Z">
          <exception class="org.openqa.selenium.WebDriverException">
            <message>
              <![CDATA[Failed to navigate to http://ms-qa-c/juniper-sh-qa-c-20/. This usually means that a call to the COM method IWebBrowser2::Navigate2() failed. (WARNING: The server did not provide any stacktrace information)
Command duration or timeout: 15 milliseconds
Build info: version: '2.53.0', revision: '35ae25b1534ae328c771e0856c93e187490ca824', time: '2016-03-15 10:43:46'
System info: host: 'leomahesh-PC', ip: '10.10.11.81', os.name: 'Windows 7', os.arch: 'amd64', os.version: '6.1', java.version: '1.8.0_20'
Driver info: org.openqa.selenium.ie.InternetExplorerDriver
Capabilities [{browserAttachTimeout=0, enablePersistentHover=true, ie.forceCreateProcessApi=false, pageLoadStrategy=normal, ie.usePerProcessProxy=false, ignoreZoomSetting=false, handlesAlerts=true, version=11, platform=WINDOWS, nativeEvents=true, ie.ensureCleanSession=false, elementScrollBehavior=0, ie.browserCommandLineSwitches=, requireWindowFocus=false, browserName=internet explorer, initialBrowserUrl=http://localhost:27862/, takesScreenshot=true, javascriptEnabled=true, ignoreProtectedModeSettings=false, enableElementCacheCleanup=true, cssSelectorsEnabled=true, unexpectedAlertBehaviour=dismiss}]
Session ID: 0e1a6019-d6e2-4813-9353-59091fa23699]]>
            </message>
            <full-stacktrace>
              <![CDATA[org.openqa.selenium.WebDriverException: Failed to navigate to http://ms-qa-c/juniper-sh-qa-c-20/. This usually means that a call to the COM method IWebBrowser2::Navigate2() failed. (WARNING: The server did not provide any stacktrace information)
Command duration or timeout: 15 milliseconds
Build info: version: '2.53.0', revision: '35ae25b1534ae328c771e0856c93e187490ca824', time: '2016-03-15 10:43:46'
System info: host: 'leomahesh-PC', ip: '10.10.11.81', os.name: 'Windows 7', os.arch: 'amd64', os.version: '6.1', java.version: '1.8.0_20'
Driver info: org.openqa.selenium.ie.InternetExplorerDriver
Capabilities [{browserAttachTimeout=0, enablePersistentHover=true, ie.forceCreateProcessApi=false, pageLoadStrategy=normal, ie.usePerProcessProxy=false, ignoreZoomSetting=false, handlesAlerts=true, version=11, platform=WINDOWS, nativeEvents=true, ie.ensureCleanSession=false, elementScrollBehavior=0, ie.browserCommandLineSwitches=, requireWindowFocus=false, browserName=internet explorer, initialBrowserUrl=http://localhost:27862/, takesScreenshot=true, javascriptEnabled=true, ignoreProtectedModeSettings=false, enableElementCacheCleanup=true, cssSelectorsEnabled=true, unexpectedAlertBehaviour=dismiss}]
Session ID: 0e1a6019-d6e2-4813-9353-59091fa23699
	at sun.reflect.NativeConstructorAccessorImpl.newInstance0(Native Method)
	at sun.reflect.NativeConstructorAccessorImpl.newInstance(NativeConstructorAccessorImpl.java:62)
	at sun.reflect.DelegatingConstructorAccessorImpl.newInstance(DelegatingConstructorAccessorImpl.java:45)
	at java.lang.reflect.Constructor.newInstance(Constructor.java:408)
	at org.openqa.selenium.remote.ErrorHandler.createThrowable(ErrorHandler.java:206)
	at org.openqa.selenium.remote.ErrorHandler.throwIfResponseFailed(ErrorHandler.java:158)
	at org.openqa.selenium.remote.RemoteWebDriver.execute(RemoteWebDriver.java:678)
	at org.openqa.selenium.remote.RemoteWebDriver.get(RemoteWebDriver.java:316)
	at com.juniper.utility.ConfigBaseClass.initialize(ConfigBaseClass.java:65)
	at com.juniper.utility.ConfigBaseClass.beforeClass(ConfigBaseClass.java:29)
	at sun.reflect.NativeMethodAccessorImpl.invoke0(Native Method)
	at sun.reflect.NativeMethodAccessorImpl.invoke(NativeMethodAccessorImpl.java:62)
	at sun.reflect.DelegatingMethodAccessorImpl.invoke(DelegatingMethodAccessorImpl.java:43)
	at java.lang.reflect.Method.invoke(Method.java:483)
	at org.testng.internal.MethodInvocationHelper.invokeMethod(MethodInvocationHelper.java:86)
	at org.testng.internal.Invoker.invokeConfigurationMethod(Invoker.java:514)
	at org.testng.internal.Invoker.invokeConfigurations(Invoker.java:215)
	at org.testng.internal.Invoker.invokeMethod(Invoker.java:589)
	at org.testng.internal.Invoker.invokeTestMethod(Invoker.java:820)
	at org.testng.internal.Invoker.invokeTestMethods(Invoker.java:1128)
	at org.testng.internal.TestMethodWorker.invokeTestMethods(TestMethodWorker.java:129)
	at org.testng.internal.TestMethodWorker.run(TestMethodWorker.java:112)
	at org.testng.TestRunner.privateRun(TestRunner.java:782)
	at org.testng.TestRunner.run(TestRunner.java:632)
	at org.testng.SuiteRunner.runTest(SuiteRunner.java:366)
	at org.testng.SuiteRunner.runSequentially(SuiteRunner.java:361)
	at org.testng.SuiteRunner.privateRun(SuiteRunner.java:319)
	at org.testng.SuiteRunner.run(SuiteRunner.java:268)
	at org.testng.SuiteRunnerWorker.runSuite(SuiteRunnerWorker.java:52)
	at org.testng.SuiteRunnerWorker.run(SuiteRunnerWorker.java:86)
	at org.testng.TestNG.runSuitesSequentially(TestNG.java:1244)
	at org.testng.TestNG.runSuitesLocally(TestNG.java:1169)
	at org.testng.TestNG.run(TestNG.java:1064)
	at org.apache.maven.surefire.testng.TestNGExecutor.run(TestNGExecutor.java:281)
	at org.apache.maven.surefire.testng.TestNGXmlTestSuite.execute(TestNGXmlTestSuite.java:75)
	at org.apache.maven.surefire.testng.TestNGProvider.invoke(TestNGProvider.java:121)
	at org.apache.maven.surefire.booter.ForkedBooter.invokeProviderInSameClassLoader(ForkedBooter.java:290)
	at org.apache.maven.surefire.booter.ForkedBooter.runSuitesInProcess(ForkedBooter.java:242)
	at org.apache.maven.surefire.booter.ForkedBooter.main(ForkedBooter.java:121)
]]>
            </full-stacktrace>
          </exception> <!-- org.openqa.selenium.WebDriverException -->
          <reporter-output>
          </reporter-output>
        </test-method> <!-- beforeClass -->
        <test-method status="SKIP" signature="Test1()[pri:0, instance:com.juniper.suite.TestFramWork@7f690630]" name="Test1" duration-ms="1" started-at="2018-02-27T14:15:50Z" finished-at="2018-02-27T14:15:50Z">
          <reporter-output>
          </reporter-output>
        </test-method> <!-- Test1 -->
        <test-method status="SKIP" signature="Test2()[pri:0, instance:com.juniper.suite.TestFramWork@7f690630]" name="Test2" duration-ms="0" started-at="2018-02-27T14:15:50Z" finished-at="2018-02-27T14:15:50Z">
          <reporter-output>
          </reporter-output>
        </test-method> <!-- Test2 -->
        <test-method status="SKIP" signature="afterClass()[pri:0, instance:com.juniper.suite.TestFramWork@7f690630]" name="afterClass" is-config="true" duration-ms="0" started-at="2018-02-27T14:15:50Z" finished-at="2018-02-27T14:15:50Z">
          <reporter-output>
          </reporter-output>
        </test-method> <!-- afterClass -->
        <test-method status="SKIP" signature="beforeClass()[pri:0, instance:com.juniper.suite.TestFramWork@7f690630]" name="beforeClass" is-config="true" duration-ms="0" started-at="2018-02-27T14:15:50Z" finished-at="2018-02-27T14:15:50Z">
          <reporter-output>
          </reporter-output>
        </test-method> <!-- beforeClass -->
        <test-method status="SKIP" signature="afterClass()[pri:0, instance:com.juniper.suite.TestFramWork@7f690630]" name="afterClass" is-config="true" duration-ms="0" started-at="2018-02-27T14:15:50Z" finished-at="2018-02-27T14:15:50Z">
          <reporter-output>
          </reporter-output>
        </test-method> <!-- afterClass -->
        <test-method status="SKIP" signature="Test3()[pri:0, instance:com.juniper.suite.TestFramWork@7f690630]" name="Test3" duration-ms="0" started-at="2018-02-27T14:15:50Z" finished-at="2018-02-27T14:15:50Z">
          <reporter-output>
          </reporter-output>
        </test-method> <!-- Test3 -->
        <test-method status="SKIP" signature="Test5()[pri:0, instance:com.juniper.suite.TestFramWork@7f690630]" name="Test5" duration-ms="1" started-at="2018-02-27T14:15:50Z" finished-at="2018-02-27T14:15:50Z">
          <reporter-output>
          </reporter-output>
        </test-method> <!-- Test5 -->
        <test-method status="SKIP" signature="beforeClass()[pri:0, instance:com.juniper.suite.TestFramWork@7f690630]" name="beforeClass" is-config="true" duration-ms="0" started-at="2018-02-27T14:15:50Z" finished-at="2018-02-27T14:15:50Z">
          <reporter-output>
          </reporter-output>
        </test-method> <!-- beforeClass -->
        <test-method status="SKIP" signature="Test4()[pri:0, instance:com.juniper.suite.TestFramWork@7f690630]" name="Test4" duration-ms="0" started-at="2018-02-27T14:15:50Z" finished-at="2018-02-27T14:15:50Z">
          <reporter-output>
          </reporter-output>
        </test-method> <!-- Test4 -->
        <test-method status="SKIP" signature="beforeClass()[pri:0, instance:com.juniper.suite.TestFramWork@7f690630]" name="beforeClass" is-config="true" duration-ms="0" started-at="2018-02-27T14:15:50Z" finished-at="2018-02-27T14:15:50Z">
          <reporter-output>
          </reporter-output>
        </test-method> <!-- beforeClass -->
        <test-method status="SKIP" signature="afterClass()[pri:0, instance:com.juniper.suite.TestFramWork@7f690630]" name="afterClass" is-config="true" duration-ms="0" started-at="2018-02-27T14:15:50Z" finished-at="2018-02-27T14:15:50Z">
          <reporter-output>
          </reporter-output>
        </test-method> <!-- afterClass -->
        <test-method status="SKIP" signature="afterClass()[pri:0, instance:com.juniper.suite.TestFramWork@7f690630]" name="afterClass" is-config="true" duration-ms="0" started-at="2018-02-27T14:15:50Z" finished-at="2018-02-27T14:15:50Z">
          <reporter-output>
          </reporter-output>
        </test-method> <!-- afterClass -->
        <test-method status="SKIP" signature="beforeClass()[pri:0, instance:com.juniper.suite.TestFramWork@7f690630]" name="beforeClass" is-config="true" duration-ms="0" started-at="2018-02-27T14:15:50Z" finished-at="2018-02-27T14:15:50Z">
          <reporter-output>
          </reporter-output>
        </test-method> <!-- beforeClass -->
        <test-method status="SKIP" signature="afterClass()[pri:0, instance:com.juniper.suite.TestFramWork@7f690630]" name="afterClass" is-config="true" duration-ms="0" started-at="2018-02-27T14:15:50Z" finished-at="2018-02-27T14:15:50Z">
          <reporter-output>
          </reporter-output>
        </test-method> <!-- afterClass -->
        <test-method status="SKIP" signature="afterClass()[pri:0, instance:com.juniper.suite.TestFramWork@7f690630]" name="afterClass" is-config="true" duration-ms="0" started-at="2018-02-27T14:15:50Z" finished-at="2018-02-27T14:15:50Z">
          <reporter-output>
          </reporter-output>
        </test-method> <!-- afterClass -->
        <test-method status="SKIP" signature="beforeClass()[pri:0, instance:com.juniper.suite.TestFramWork@7f690630]" name="beforeClass" is-config="true" duration-ms="0" started-at="2018-02-27T14:15:50Z" finished-at="2018-02-27T14:15:50Z">
          <reporter-output>
          </reporter-output>
        </test-method> <!-- beforeClass -->
        <test-method status="SKIP" signature="afterClass()[pri:0, instance:com.juniper.suite.TestFramWork@7f690630]" name="afterClass" is-config="true" duration-ms="0" started-at="2018-02-27T14:15:50Z" finished-at="2018-02-27T14:15:50Z">
          <reporter-output>
          </reporter-output>
        </test-method> <!-- afterClass -->
        <test-method status="SKIP" signature="Test7()[pri:0, instance:com.juniper.suite.TestFramWork@7f690630]" name="Test7" duration-ms="0" started-at="2018-02-27T14:15:50Z" finished-at="2018-02-27T14:15:50Z">
          <reporter-output>
          </reporter-output>
        </test-method> <!-- Test7 -->
        <test-method status="SKIP" signature="beforeClass()[pri:0, instance:com.juniper.suite.TestFramWork@7f690630]" name="beforeClass" is-config="true" duration-ms="0" started-at="2018-02-27T14:15:50Z" finished-at="2018-02-27T14:15:50Z">
          <reporter-output>
          </reporter-output>
        </test-method> <!-- beforeClass -->
        <test-method status="SKIP" signature="Test6()[pri:0, instance:com.juniper.suite.TestFramWork@7f690630]" name="Test6" duration-ms="0" started-at="2018-02-27T14:15:50Z" finished-at="2018-02-27T14:15:50Z">
          <reporter-output>
          </reporter-output>
        </test-method> <!-- Test6 -->
        <test-method status="SKIP" signature="Test9()[pri:0, instance:com.juniper.suite.TestFramWork@7f690630]" name="Test9" duration-ms="0" started-at="2018-02-27T14:15:50Z" finished-at="2018-02-27T14:15:50Z">
          <reporter-output>
          </reporter-output>
        </test-method> <!-- Test9 -->
        <test-method status="SKIP" signature="afterClass()[pri:0, instance:com.juniper.suite.TestFramWork@7f690630]" name="afterClass" is-config="true" duration-ms="0" started-at="2018-02-27T14:15:50Z" finished-at="2018-02-27T14:15:50Z">
          <reporter-output>
          </reporter-output>
        </test-method> <!-- afterClass -->
        <test-method status="SKIP" signature="Test8()[pri:0, instance:com.juniper.suite.TestFramWork@7f690630]" name="Test8" duration-ms="0" started-at="2018-02-27T14:15:50Z" finished-at="2018-02-27T14:15:50Z">
          <reporter-output>
          </reporter-output>
        </test-method> <!-- Test8 -->
        <test-method status="SKIP" signature="beforeClass()[pri:0, instance:com.juniper.suite.TestFramWork@7f690630]" name="beforeClass" is-config="true" duration-ms="0" started-at="2018-02-27T14:15:50Z" finished-at="2018-02-27T14:15:50Z">
          <reporter-output>
          </reporter-output>
        </test-method> <!-- beforeClass -->
        <test-method status="SKIP" signature="afterClass()[pri:0, instance:com.juniper.suite.TestFramWork@7f690630]" name="afterClass" is-config="true" duration-ms="0" started-at="2018-02-27T14:15:50Z" finished-at="2018-02-27T14:15:50Z">
          <reporter-output>
          </reporter-output>
        </test-method> <!-- afterClass -->
        <test-method status="SKIP" signature="beforeClass()[pri:0, instance:com.juniper.suite.TestFramWork@7f690630]" name="beforeClass" is-config="true" duration-ms="0" started-at="2018-02-27T14:15:50Z" finished-at="2018-02-27T14:15:50Z">
          <reporter-output>
          </reporter-output>
        </test-method> <!-- beforeClass -->
      </class> <!-- com.juniper.suite.TestFramWork -->
    </test> <!-- Test -->
  </suite> <!-- Suite -->
</testng-results>
