<?xml version="1.0" encoding="UTF-8"?>
<testng-results skipped="0" failed="0" ignored="8" total="9" passed="1">
  <reporter-output>
  </reporter-output>
  <suite name="Default suite" duration-ms="26491" started-at="2018-02-15T14:35:00Z" finished-at="2018-02-15T14:35:27Z">
    <groups>
    </groups>
    <test name="Default test" duration-ms="26491" started-at="2018-02-15T14:35:00Z" finished-at="2018-02-15T14:35:27Z">
      <class name="com.juniper.suite.TestFramWork">
        <test-method status="PASS" signature="beforeClass()[pri:0, instance:com.juniper.suite.TestFramWork@5e5792a0]" name="beforeClass" is-config="true" duration-ms="8297" started-at="2018-02-15T20:05:00Z" finished-at="2018-02-15T20:05:09Z">
          <reporter-output>
          </reporter-output>
        </test-method> <!-- beforeClass -->
        <test-method status="PASS" signature="Test4()[pri:0, instance:com.juniper.suite.TestFramWork@5e5792a0]" name="Test4" duration-ms="17448" started-at="2018-02-15T20:05:09Z" finished-at="2018-02-15T20:05:26Z">
          <reporter-output>
          </reporter-output>
        </test-method> <!-- Test4 -->
        <test-method status="PASS" signature="afterClass()[pri:0, instance:com.juniper.suite.TestFramWork@5e5792a0]" name="afterClass" is-config="true" duration-ms="730" started-at="2018-02-15T20:05:26Z" finished-at="2018-02-15T20:05:27Z">
          <reporter-output>
          </reporter-output>
        </test-method> <!-- afterClass -->
      </class> <!-- com.juniper.suite.TestFramWork -->
    </test> <!-- Default test -->
  </suite> <!-- Default suite -->
</testng-results>
